<?xml version="1.0" encoding="UTF-8"?>
<robot generator="Robot 4.1.3 (Python 3.9.2 on linux)" generated="20220323 13:45:46.501" rpa="false" schemaversion="2">
<suite id="s1" name="Exe1" source="/home/iwona/NA_Python/Robot/exe1.robot">
<test id="s1-t1" name="Check if UE can be attached">
<kw name="UE Attach">
<kw name="Attach" library="exe1keywords">
<var>${response}</var>
<arg>${ue_id}</arg>
<arg>${cell_id}</arg>
<msg timestamp="20220323 13:45:46.628" level="INFO">${response} = UE-5 on cell=3 attached successful.</msg>
<status status="PASS" starttime="20220323 13:45:46.532" endtime="20220323 13:45:46.628"/>
</kw>
<kw name="Should Be Equal As Strings" library="BuiltIn">
<arg>${response}</arg>
<arg>${attach_result}</arg>
<doc>Fails if objects are unequal after converting them to strings.</doc>
<status status="PASS" starttime="20220323 13:45:46.628" endtime="20220323 13:45:46.629"/>
</kw>
<status status="PASS" starttime="20220323 13:45:46.532" endtime="20220323 13:45:46.629"/>
</kw>
<kw name="Detach" library="exe1keywords" type="TEARDOWN">
<arg>${ue_id}</arg>
<status status="PASS" starttime="20220323 13:45:46.629" endtime="20220323 13:45:46.705"/>
</kw>
<status status="PASS" starttime="20220323 13:45:46.532" endtime="20220323 13:45:46.705"/>
</test>
<test id="s1-t2" name="Check if UE can be detached">
<kw name="UE Attach">
<kw name="Attach" library="exe1keywords">
<var>${response}</var>
<arg>${ue_id}</arg>
<arg>${cell_id}</arg>
<msg timestamp="20220323 13:45:46.782" level="INFO">${response} = UE-5 on cell=3 attached successful.</msg>
<status status="PASS" starttime="20220323 13:45:46.706" endtime="20220323 13:45:46.782"/>
</kw>
<kw name="Should Be Equal As Strings" library="BuiltIn">
<arg>${response}</arg>
<arg>${attach_result}</arg>
<doc>Fails if objects are unequal after converting them to strings.</doc>
<status status="PASS" starttime="20220323 13:45:46.782" endtime="20220323 13:45:46.782"/>
</kw>
<status status="PASS" starttime="20220323 13:45:46.706" endtime="20220323 13:45:46.783"/>
</kw>
<kw name="UE Detach">
<kw name="Detach" library="exe1keywords">
<var>${response}</var>
<arg>${ue_id}</arg>
<msg timestamp="20220323 13:45:46.875" level="INFO">${response} = UE-5 detached successfully.</msg>
<status status="PASS" starttime="20220323 13:45:46.783" endtime="20220323 13:45:46.875"/>
</kw>
<kw name="Should Be Equal As Strings" library="BuiltIn">
<arg>${response}</arg>
<arg>${detach_result}</arg>
<doc>Fails if objects are unequal after converting them to strings.</doc>
<status status="PASS" starttime="20220323 13:45:46.875" endtime="20220323 13:45:46.875"/>
</kw>
<status status="PASS" starttime="20220323 13:45:46.783" endtime="20220323 13:45:46.875"/>
</kw>
<kw name="Detach" library="exe1keywords" type="TEARDOWN">
<arg>${ue_id}</arg>
<status status="PASS" starttime="20220323 13:45:46.876" endtime="20220323 13:45:46.978"/>
</kw>
<status status="PASS" starttime="20220323 13:45:46.706" endtime="20220323 13:45:46.978"/>
</test>
<test id="s1-t3" name="Check if UE can start traffic">
<kw name="UE Attach">
<kw name="Attach" library="exe1keywords">
<var>${response}</var>
<arg>${ue_id}</arg>
<arg>${cell_id}</arg>
<msg timestamp="20220323 13:45:47.079" level="INFO">${response} = UE-5 on cell=3 attached successful.</msg>
<status status="PASS" starttime="20220323 13:45:46.980" endtime="20220323 13:45:47.079"/>
</kw>
<kw name="Should Be Equal As Strings" library="BuiltIn">
<arg>${response}</arg>
<arg>${attach_result}</arg>
<doc>Fails if objects are unequal after converting them to strings.</doc>
<status status="PASS" starttime="20220323 13:45:47.080" endtime="20220323 13:45:47.080"/>
</kw>
<status status="PASS" starttime="20220323 13:45:46.979" endtime="20220323 13:45:47.080"/>
</kw>
<kw name="Start traffic UE">
<kw name="Trf Data Start" library="exe1keywords">
<var>${response}</var>
<arg>${ue_id}</arg>
<arg>${mbps}</arg>
<arg>${bearer_id}</arg>
<arg>${trf_id}</arg>
<msg timestamp="20220323 13:45:47.194" level="INFO">${response} = UE-5 traffic 20 Mbps on bearer 7 with id 675 has been started</msg>
<status status="PASS" starttime="20220323 13:45:47.081" endtime="20220323 13:45:47.194"/>
</kw>
<kw name="Should Be Equal As Strings" library="BuiltIn">
<arg>${response}</arg>
<arg>${start_traffic_result}</arg>
<doc>Fails if objects are unequal after converting them to strings.</doc>
<status status="PASS" starttime="20220323 13:45:47.194" endtime="20220323 13:45:47.195"/>
</kw>
<status status="PASS" starttime="20220323 13:45:47.081" endtime="20220323 13:45:47.195"/>
</kw>
<kw name="Show traffic UE">
<kw name="Show Traffic" library="exe1keywords">
<var>${response}</var>
<arg>${ue_id}</arg>
<arg>${bearer_id}</arg>
<arg>${trf_id}</arg>
<msg timestamp="20220323 13:45:47.283" level="INFO">${response} = 20</msg>
<status status="PASS" starttime="20220323 13:45:47.196" endtime="20220323 13:45:47.283"/>
</kw>
<kw name="Should Be Equal As Strings" library="BuiltIn">
<arg>${response}</arg>
<arg>${show_traffic_result}</arg>
<doc>Fails if objects are unequal after converting them to strings.</doc>
<status status="PASS" starttime="20220323 13:45:47.283" endtime="20220323 13:45:47.283"/>
</kw>
<status status="PASS" starttime="20220323 13:45:47.196" endtime="20220323 13:45:47.284"/>
</kw>
<kw name="UE Detach">
<kw name="Detach" library="exe1keywords">
<var>${response}</var>
<arg>${ue_id}</arg>
<msg timestamp="20220323 13:45:47.383" level="INFO">${response} = UE-5 detached successfully.</msg>
<status status="PASS" starttime="20220323 13:45:47.285" endtime="20220323 13:45:47.383"/>
</kw>
<kw name="Should Be Equal As Strings" library="BuiltIn">
<arg>${response}</arg>
<arg>${detach_result}</arg>
<doc>Fails if objects are unequal after converting them to strings.</doc>
<status status="PASS" starttime="20220323 13:45:47.383" endtime="20220323 13:45:47.384"/>
</kw>
<status status="PASS" starttime="20220323 13:45:47.285" endtime="20220323 13:45:47.384"/>
</kw>
<kw name="Detach" library="exe1keywords" type="TEARDOWN">
<arg>${ue_id}</arg>
<status status="PASS" starttime="20220323 13:45:47.386" endtime="20220323 13:45:47.457"/>
</kw>
<status status="PASS" starttime="20220323 13:45:46.979" endtime="20220323 13:45:47.457"/>
</test>
<test id="s1-t4" name="Check if UE can stop traffic">
<kw name="UE Attach">
<kw name="Attach" library="exe1keywords">
<var>${response}</var>
<arg>${ue_id}</arg>
<arg>${cell_id}</arg>
<msg timestamp="20220323 13:45:47.582" level="INFO">${response} = UE-5 on cell=3 attached successful.</msg>
<status status="PASS" starttime="20220323 13:45:47.462" endtime="20220323 13:45:47.582"/>
</kw>
<kw name="Should Be Equal As Strings" library="BuiltIn">
<arg>${response}</arg>
<arg>${attach_result}</arg>
<doc>Fails if objects are unequal after converting them to strings.</doc>
<status status="PASS" starttime="20220323 13:45:47.582" endtime="20220323 13:45:47.582"/>
</kw>
<status status="PASS" starttime="20220323 13:45:47.459" endtime="20220323 13:45:47.583"/>
</kw>
<kw name="Start traffic UE">
<kw name="Trf Data Start" library="exe1keywords">
<var>${response}</var>
<arg>${ue_id}</arg>
<arg>${mbps}</arg>
<arg>${bearer_id}</arg>
<arg>${trf_id}</arg>
<msg timestamp="20220323 13:45:47.684" level="INFO">${response} = UE-5 traffic 20 Mbps on bearer 7 with id 675 has been started</msg>
<status status="PASS" starttime="20220323 13:45:47.584" endtime="20220323 13:45:47.684"/>
</kw>
<kw name="Should Be Equal As Strings" library="BuiltIn">
<arg>${response}</arg>
<arg>${start_traffic_result}</arg>
<doc>Fails if objects are unequal after converting them to strings.</doc>
<status status="PASS" starttime="20220323 13:45:47.684" endtime="20220323 13:45:47.684"/>
</kw>
<status status="PASS" starttime="20220323 13:45:47.584" endtime="20220323 13:45:47.684"/>
</kw>
<kw name="Show traffic UE">
<kw name="Show Traffic" library="exe1keywords">
<var>${response}</var>
<arg>${ue_id}</arg>
<arg>${bearer_id}</arg>
<arg>${trf_id}</arg>
<msg timestamp="20220323 13:45:47.762" level="INFO">${response} = 20</msg>
<status status="PASS" starttime="20220323 13:45:47.685" endtime="20220323 13:45:47.762"/>
</kw>
<kw name="Should Be Equal As Strings" library="BuiltIn">
<arg>${response}</arg>
<arg>${show_traffic_result}</arg>
<doc>Fails if objects are unequal after converting them to strings.</doc>
<status status="PASS" starttime="20220323 13:45:47.763" endtime="20220323 13:45:47.765"/>
</kw>
<status status="PASS" starttime="20220323 13:45:47.685" endtime="20220323 13:45:47.765"/>
</kw>
<kw name="Stop traffic UE">
<kw name="Trf Data Stop" library="exe1keywords">
<var>${response}</var>
<arg>${ue_id}</arg>
<arg>${bearer_id}</arg>
<arg>${trf_id}</arg>
<msg timestamp="20220323 13:45:47.858" level="INFO">${response} = UE-5 traffic on bearer 7 with id 675 has been stopped</msg>
<status status="PASS" starttime="20220323 13:45:47.766" endtime="20220323 13:45:47.858"/>
</kw>
<kw name="Should Be Equal As Strings" library="BuiltIn">
<arg>${response}</arg>
<arg>${stop_traffic_result}</arg>
<doc>Fails if objects are unequal after converting them to strings.</doc>
<status status="PASS" starttime="20220323 13:45:47.859" endtime="20220323 13:45:47.859"/>
</kw>
<status status="PASS" starttime="20220323 13:45:47.765" endtime="20220323 13:45:47.859"/>
</kw>
<kw name="UE Detach">
<kw name="Detach" library="exe1keywords">
<var>${response}</var>
<arg>${ue_id}</arg>
<msg timestamp="20220323 13:45:48.009" level="INFO">${response} = UE-5 detached successfully.</msg>
<status status="PASS" starttime="20220323 13:45:47.860" endtime="20220323 13:45:48.009"/>
</kw>
<kw name="Should Be Equal As Strings" library="BuiltIn">
<arg>${response}</arg>
<arg>${detach_result}</arg>
<doc>Fails if objects are unequal after converting them to strings.</doc>
<status status="PASS" starttime="20220323 13:45:48.009" endtime="20220323 13:45:48.010"/>
</kw>
<status status="PASS" starttime="20220323 13:45:47.859" endtime="20220323 13:45:48.010"/>
</kw>
<kw name="Detach" library="exe1keywords" type="TEARDOWN">
<arg>${ue_id}</arg>
<status status="PASS" starttime="20220323 13:45:48.010" endtime="20220323 13:45:48.091"/>
</kw>
<status status="PASS" starttime="20220323 13:45:47.458" endtime="20220323 13:45:48.092"/>
</test>
<doc>Exercise1</doc>
<status status="PASS" starttime="20220323 13:45:46.502" endtime="20220323 13:45:48.093"/>
</suite>
<statistics>
<total>
<stat pass="4" fail="0" skip="0">All Tests</stat>
</total>
<tag>
</tag>
<suite>
<stat pass="4" fail="0" skip="0" id="s1" name="Exe1">Exe1</stat>
</suite>
</statistics>
<errors>
</errors>
</robot>
